	Command being timed: "python3 try_combs.py"
	User time (seconds): 23988.28
	System time (seconds): 4620.07
	Percent of CPU this job got: 652%
	Elapsed (wall clock) time (h:mm:ss or m:ss): 1:13:06
	Average shared text size (kbytes): 0
	Average unshared data size (kbytes): 0
	Average stack size (kbytes): 0
	Average total size (kbytes): 0
	Maximum resident set size (kbytes): 1234116
	Average resident set size (kbytes): 0
	Major (requiring I/O) page faults: 4041
	Minor (reclaiming a frame) page faults: 22790332
	Voluntary context switches: 196675196
	Involuntary context switches: 188855
	Swaps: 0
	File system inputs: 1115224
	File system outputs: 31851120
	Socket messages sent: 0
	Socket messages received: 0
	Signals delivered: 0
	Page size (bytes): 4096
	Exit status: 0
slurmstepd: error: _cgroup_procs_check: failed on path (null)/cgroup.procs: No such file or directory
slurmstepd: error: Cannot write to cgroup.procs for (null)
slurmstepd: error: Unable to move pid 853246 to init root cgroup (null)
